Now connected to csc309h_g1malitm at dbsrv1:3306
Listening on port: 31390
[90mGET /awesome/css/font-awesome.min.css [33m404 [90m0ms[0m
[90mGET /static/index.css [33m404 [90m1ms[0m
getting all blogs ...
selecting all blogs...........
blog: voiceoftruthgirl.tumblr.com
Getting from http://api.tumblr.com/v2/blog/voiceoftruthgirl.tumblr.com/likes
blog: nahn.tumblr.com
Getting from http://api.tumblr.com/v2/blog/nahn.tumblr.com/likes
blog: compsoci.tumblr.com
Getting from http://api.tumblr.com/v2/blog/compsoci.tumblr.com/likes
blog: mothgirlwings.tumblr.com
Getting from http://api.tumblr.com/v2/blog/mothgirlwings.tumblr.com/likes
blog: hoveringcat.com
Getting from http://api.tumblr.com/v2/blog/hoveringcat.com/likes
blog: woowah.tumblr.com
Getting from http://api.tumblr.com/v2/blog/woowah.tumblr.com/likes
blog: blahblah
Getting from http://api.tumblr.com/v2/blog/blahblah/likes
blog: testing dummy
Getting from http://api.tumblr.com/v2/blog/testing dummy/likes
blog: asdf jkkks;ddkf
Getting from http://api.tumblr.com/v2/blog/asdf jkkks;ddkf/likes
tumblr request error
tumblr request error
tumblr request error
tumblr request error
updating post 44598036262
updating post 44787603064
updating post 44818780617
updating post 44804808983
updating post 27392174422
updating post 44811904731
updating post 42915731405
updating tracks for 44598036262 2
updating tracks for 44787603064 1
updating tracks for 44818780617 1
updating tracks for 44804808983 1
updating tracks for 27392174422 2
updating tracks for 44811904731 1
updating tracks for 42915731405 1
updating post 44821482440
updating post 44537896237
updating post 44314089840
updating post 44223052075
updating post 44249840993
updating post 44162126826
updating post 44188221983
updating post 43978815686
updating post 43910589410
updating post 43481269767
updating post 43583414564
updating post 42371752729
updating post 41571502656
updating post 41420258364
updating post 41235130501
updating post 40801079743
updating post 40684415199
updating post 40520152869
updating post 40448409340
updating post 40041128480
adding post 45048535028
adding likedPosts 45048535028
adding post 45082706091
adding likedPosts 45082706091
adding post 45082640552
adding likedPosts 45082640552
adding post 45082622267
adding likedPosts 45082622267
adding post 45082230270
adding likedPosts 45082230270
adding post 45082233226
adding likedPosts 45082233226
adding post 45082316270
adding likedPosts 45082316270
adding post 45082435726
adding likedPosts 45082435726
adding post 45077727686
adding likedPosts 45077727686
adding post 45078110733
adding likedPosts 45078110733
adding post 45066993627
adding likedPosts 45066993627
adding post 45075257522
adding likedPosts 45075257522
adding post 45064948266
adding likedPosts 45064948266
adding post 45060841950
adding likedPosts 45060841950
adding post 44958431669
adding likedPosts 44958431669
adding post 44962993883
adding likedPosts 44962993883
adding post 44586174555
adding likedPosts 44586174555
adding post 45070315293
adding likedPosts 45070315293
adding post 45064058221
adding likedPosts 45064058221
adding post 45064451157
adding likedPosts 45064451157
updating tracks for 44821482440 49
updating tracks for 44537896237 183
updating tracks for 44314089840 182
updating tracks for 44223052075 182
updating tracks for 44249840993 182
updating tracks for 44162126826 181
updating tracks for 44188221983 181
updating tracks for 43978815686 181
updating tracks for 43910589410 179
updating tracks for 43481269767 179
updating tracks for 43583414564 179
updating tracks for 42371752729 179
updating tracks for 41571502656 178
updating tracks for 41420258364 178
updating tracks for 41235130501 178
updating tracks for 40801079743 178
updating tracks for 40684415199 178
updating tracks for 40520152869 178
updating tracks for 40448409340 177
updating tracks for 40041128480 176
updating tracks for 45048535028 0
updating tracks for 45082706091 0
updating tracks for 45082640552 0
updating tracks for 45082622267 0
updating tracks for 45082230270 0
updating tracks for 45082233226 0
updating tracks for 45082316270 0
updating tracks for 45082435726 0
updating tracks for 45077727686 0
updating tracks for 45078110733 0
updating tracks for 45066993627 0
updating tracks for 45075257522 0
updating tracks for 45064948266 0
updating tracks for 45060841950 0
updating tracks for 44958431669 0
updating tracks for 44962993883 0
updating tracks for 44586174555 0
updating tracks for 45070315293 0
updating tracks for 45064058221 0
updating tracks for 45064451157 0
getting all blogs ...
selecting all blogs...........
blog: voiceoftruthgirl.tumblr.com
Getting from http://api.tumblr.com/v2/blog/voiceoftruthgirl.tumblr.com/likes
blog: nahn.tumblr.com
Getting from http://api.tumblr.com/v2/blog/nahn.tumblr.com/likes
blog: compsoci.tumblr.com
Getting from http://api.tumblr.com/v2/blog/compsoci.tumblr.com/likes
blog: mothgirlwings.tumblr.com
Getting from http://api.tumblr.com/v2/blog/mothgirlwings.tumblr.com/likes
blog: hoveringcat.com
Getting from http://api.tumblr.com/v2/blog/hoveringcat.com/likes
blog: woowah.tumblr.com
Getting from http://api.tumblr.com/v2/blog/woowah.tumblr.com/likes
blog: blahblah
Getting from http://api.tumblr.com/v2/blog/blahblah/likes
blog: testing dummy
Getting from http://api.tumblr.com/v2/blog/testing dummy/likes
blog: asdf jkkks;ddkf
Getting from http://api.tumblr.com/v2/blog/asdf jkkks;ddkf/likes
tumblr request error
tumblr request error
tumblr request error
tumblr request error
updating post 44598036262
updating post 44787603064
updating post 44818780617
updating post 44804808983
updating post 27392174422
updating post 44811904731
updating post 42915731405
updating tracks for 44598036262 3
updating tracks for 44787603064 2
updating tracks for 44818780617 2
updating tracks for 44804808983 2
updating tracks for 27392174422 3
updating tracks for 44811904731 2
updating tracks for 42915731405 2
updating post 44821482440
updating post 44537896237
updating post 44314089840
updating post 44223052075
updating post 44249840993
updating post 44162126826
updating post 44188221983
updating post 43978815686
updating post 43910589410
updating post 43481269767
updating post 43583414564
updating post 42371752729
updating post 41571502656
updating post 41420258364
updating post 41235130501
updating post 40801079743
updating post 40684415199
updating post 40520152869
updating post 40448409340
updating post 40041128480
adding post 43394543983
adding likedPosts 43394543983
updating post 45048535028
updating post 45082706091
updating post 45082640552
updating post 45082622267
updating post 45082230270
updating post 45082233226
updating post 45082316270
updating post 45082435726
updating post 45077727686
updating post 45078110733
updating post 45066993627
updating post 45075257522
updating post 45064948266
updating post 45060841950
updating post 44958431669
updating post 44962993883
updating post 44586174555
updating post 45070315293
updating post 45064058221
updating tracks for 44821482440 50
updating tracks for 44537896237 184
updating tracks for 44314089840 183
updating tracks for 44223052075 183
updating tracks for 44249840993 183
updating tracks for 44162126826 182
updating tracks for 44188221983 182
updating tracks for 43978815686 182
updating tracks for 43910589410 180
updating tracks for 43481269767 180
updating tracks for 43583414564 180
updating tracks for 42371752729 180
updating tracks for 41571502656 179
updating tracks for 41420258364 179
updating tracks for 41235130501 179
updating tracks for 40801079743 179
updating tracks for 40684415199 179
updating tracks for 40520152869 179
updating tracks for 40448409340 178
updating tracks for 40041128480 177
updating tracks for 43394543983 0
updating tracks for 45048535028 1
updating tracks for 45082706091 1
updating tracks for 45082640552 1
updating tracks for 45082622267 1
updating tracks for 45082230270 1
updating tracks for 45082233226 1
updating tracks for 45082316270 1
updating tracks for 45082435726 1
updating tracks for 45077727686 1
updating tracks for 45078110733 1
updating tracks for 45066993627 1
updating tracks for 45075257522 1
updating tracks for 45064948266 1
updating tracks for 45060841950 1
updating tracks for 44958431669 1
updating tracks for 44962993883 1
updating tracks for 44586174555 1
updating tracks for 45070315293 1
updating tracks for 45064058221 1
